This is pdfTeX, Version 3.14159265-2.6-1.40.19 (MiKTeX 2.9.6800) (preloaded format=pdflatex 2018.8.27)  20 SEP 2018 11:07
entering extended mode
**./temp.tex
(temp.tex
LaTeX2e <2018-04-01> patch level 5

("/Users/chizewen/Library/Application Support/MiKTeX/texmfs/install/tex/latex/b
ase/article.cls"
Document Class: article 2014/09/29 v1.4h Standard LaTeX document class

("/Users/chizewen/Library/Application Support/MiKTeX/texmfs/install/tex/latex/b
ase/size10.clo"
File: size10.clo 2014/09/29 v1.4h Standard LaTeX file (size option)
)
\c@part=\count80
\c@section=\count81
\c@subsection=\count82
\c@subsubsection=\count83
\c@paragraph=\count84
\c@subparagraph=\count85
\c@figure=\count86
\c@table=\count87
\abovecaptionskip=\skip41
\belowcaptionskip=\skip42
\bibindent=\dimen102
)
("/Users/chizewen/Library/Application Support/MiKTeX/texmfs/install/tex/latex/g
eometry/geometry.sty"
Package: geometry 2018/04/16 v5.8 Page Geometry

("/Users/chizewen/Library/Application Support/MiKTeX/texmfs/install/tex/latex/g
raphics/keyval.sty"
Package: keyval 2014/10/28 v1.15 key=value parser (DPC)
\KV@toks@=\toks14
)
("/Users/chizewen/Library/Application Support/MiKTeX/texmfs/install/tex/generic
/oberdiek/ifpdf.sty"
Package: ifpdf 2017/03/15 v3.2 Provides the ifpdf switch
)
("/Users/chizewen/Library/Application Support/MiKTeX/texmfs/install/tex/generic
/oberdiek/ifvtex.sty"
Package: ifvtex 2016/05/16 v1.6 Detect VTeX and its facilities (HO)
Package ifvtex Info: VTeX not detected.
)
("/Users/chizewen/Library/Application Support/MiKTeX/texmfs/install/tex/generic
/ifxetex/ifxetex.sty"
Package: ifxetex 2010/09/12 v0.6 Provides ifxetex conditional
)
\Gm@cnth=\count88
\Gm@cntv=\count89
\c@Gm@tempcnt=\count90
\Gm@bindingoffset=\dimen103
\Gm@wd@mp=\dimen104
\Gm@odd@mp=\dimen105
\Gm@even@mp=\dimen106
\Gm@layoutwidth=\dimen107
\Gm@layoutheight=\dimen108
\Gm@layouthoffset=\dimen109
\Gm@layoutvoffset=\dimen110
\Gm@dimlist=\toks15

("/Users/chizewen/Library/Application Support/MiKTeX/texmfs/install/tex/latex/g
eometry/geometry.cfg"))
("/Users/chizewen/Library/Application Support/MiKTeX/texmfs/install/tex/latex/f
ncychap/fncychap.sty"
Package: fncychap 2007/07/30 v1.34 LaTeX package (Revised chapters)
\RW=\skip43
\mylen=\skip44
\myhi=\skip45
\px=\skip46
\py=\skip47
\pyy=\skip48
\pxx=\skip49
\backskip=\skip50
)
("/Users/chizewen/Library/Application Support/MiKTeX/texmfs/install/tex/latex/l
istings/listings.sty"
\lst@mode=\count91
\lst@gtempboxa=\box26
\lst@token=\toks16
\lst@length=\count92
\lst@currlwidth=\dimen111
\lst@column=\count93
\lst@pos=\count94
\lst@lostspace=\dimen112
\lst@width=\dimen113
\lst@newlines=\count95
\lst@lineno=\count96
\lst@maxwidth=\dimen114

("/Users/chizewen/Library/Application Support/MiKTeX/texmfs/install/tex/latex/l
istings/lstmisc.sty"
File: lstmisc.sty 2018/09/02 1.7 (Carsten Heinz)
\c@lstnumber=\count97
\lst@skipnumbers=\count98
\lst@framebox=\box27
)
("/Users/chizewen/Library/Application Support/MiKTeX/texmfs/install/tex/latex/l
istings/listings.cfg"
File: listings.cfg 2018/09/02 1.7 listings configuration
))
Package: listings 2018/09/02 1.7 (Carsten Heinz)

("/Users/chizewen/Library/Application Support/MiKTeX/texmfs/install/tex/latex/g
raphics/color.sty"
Package: color 2016/07/10 v1.1e Standard LaTeX Color (DPC)

("/Users/chizewen/Library/Application Support/MiKTeX/texmfs/install/tex/latex/g
raphics-cfg/color.cfg"
File: color.cfg 2016/01/02 v1.6 sample color configuration
)
Package color Info: Driver file: pdftex.def on input line 147.

("/Users/chizewen/Library/Application Support/MiKTeX/texmfs/install/tex/latex/g
raphics-def/pdftex.def"
File: pdftex.def 2018/01/08 v1.0l Graphics/color driver for pdftex
))
("/Users/chizewen/Library/Application Support/MiKTeX/texmfs/install/tex/latex/t
ools/verbatim.sty"
Package: verbatim 2014/10/28 v1.5q LaTeX2e package for verbatim enhancements
\every@verbatim=\toks17
\verbatim@line=\toks18
\verbatim@in@stream=\read1
)
("/Users/chizewen/Library/Application Support/MiKTeX/texmfs/install/tex/latex/l
istings/lstlang1.sty"
File: lstlang1.sty 2018/09/02 1.7 listings language file
)
("/Users/chizewen/Library/Application Support/MiKTeX/texmfs/install/tex/latex/l
istings/lstlang1.sty"
File: lstlang1.sty 2018/09/02 1.7 listings language file
)
("/Users/chizewen/Library/Application Support/MiKTeX/texmfs/install/tex/latex/l
istings/lstmisc.sty"
File: lstmisc.sty 2018/09/02 1.7 (Carsten Heinz)
) (temp.aux)
\openout1 = `temp.aux'.

LaTeX Font Info:    Checking defaults for OML/cmm/m/it on input line 32.
LaTeX Font Info:    ... okay on input line 32.
LaTeX Font Info:    Checking defaults for T1/cmr/m/n on input line 32.
LaTeX Font Info:    ... okay on input line 32.
LaTeX Font Info:    Checking defaults for OT1/cmr/m/n on input line 32.
LaTeX Font Info:    ... okay on input line 32.
LaTeX Font Info:    Checking defaults for OMS/cmsy/m/n on input line 32.
LaTeX Font Info:    ... okay on input line 32.
LaTeX Font Info:    Checking defaults for OMX/cmex/m/n on input line 32.
LaTeX Font Info:    ... okay on input line 32.
LaTeX Font Info:    Checking defaults for U/cmr/m/n on input line 32.
LaTeX Font Info:    ... okay on input line 32.

*geometry* driver: auto-detecting
*geometry* detected driver: pdftex
*geometry* verbose mode - [ preamble ] result:
* driver: pdftex
* paper: <default>
* layout: <same size as paper>
* layoutoffset:(h,v)=(0.0pt,0.0pt)
* modes: 
* h-part:(L,W,R)=(72.26999pt, 469.75502pt, 72.26999pt)
* v-part:(T,H,B)=(72.26999pt, 650.43001pt, 72.26999pt)
* \paperwidth=614.295pt
* \paperheight=794.96999pt
* \textwidth=469.75502pt
* \textheight=650.43001pt
* \oddsidemargin=0.0pt
* \evensidemargin=0.0pt
* \topmargin=-37.0pt
* \headheight=12.0pt
* \headsep=25.0pt
* \topskip=10.0pt
* \footskip=30.0pt
* \marginparwidth=65.0pt
* \marginparsep=11.0pt
* \columnsep=10.0pt
* \skip\footins=9.0pt plus 4.0pt minus 2.0pt
* \hoffset=0.0pt
* \voffset=0.0pt
* \mag=1000
* \@twocolumnfalse
* \@twosidefalse
* \@mparswitchfalse
* \@reversemarginfalse
* (1in=72.27pt=25.4mm, 1cm=28.453pt)

\c@lstlisting=\count99

("/Users/chizewen/Library/Application Support/MiKTeX/texmfs/install/tex/context
/base/supp-pdf.mkii"
[Loading MPS to PDF converter (version 2006.09.02).]
\scratchcounter=\count100
\scratchdimen=\dimen115
\scratchbox=\box28
\nofMPsegments=\count101
\nofMParguments=\count102
\everyMPshowfont=\toks19
\MPscratchCnt=\count103
\MPscratchDim=\dimen116
\MPnumerator=\count104
\makeMPintoPDFobject=\count105
\everyMPtoPDFconversion=\toks20
)
LaTeX Font Info:    External font `cmex10' loaded for size
(Font)              <12> on input line 34.
LaTeX Font Info:    External font `cmex10' loaded for size
(Font)              <8> on input line 34.
LaTeX Font Info:    External font `cmex10' loaded for size
(Font)              <6> on input line 34.
 [1

{/Users/chizewen/Library/Application Support/MiKTeX/texmfs/data/pdftex/config/p
dftex.map}] (temp.toc
LaTeX Font Info:    External font `cmex10' loaded for size
(Font)              <7> on input line 2.
LaTeX Font Info:    External font `cmex10' loaded for size
(Font)              <5> on input line 2.
)
\tf@toc=\write3
\openout3 = `temp.toc'.

 [2] (codes/Tree/Persistent-Segment-Tree.cpp [1]
[2]) (codes/Test/test.cpp) (codes/Number-Representation/BigDecimal.java
[3]) (codes/Number-Representation/pydecimal.py) [4] (temp.aux) ) 
Here is how much of TeX's memory you used:
 3317 strings out of 494891
 45857 string characters out of 3176805
 350538 words of memory out of 3000000
 6928 multiletter control sequences out of 15000+200000
 8361 words of font info for 30 fonts, out of 3000000 for 9000
 0 hyphenation exceptions out of 8191
 33i,6n,58p,243b,1715s stack positions out of 5000i,500n,10000p,200000b,50000s
</Users/chizewe
n/Library/Application Support/MiKTeX/texmfs/install/fonts/type1/public/amsfonts
/cm/cmbx10.pfb></Users/chizewen/Library/Application Support/MiKTeX/texmfs/insta
ll/fonts/type1/public/amsfonts/cm/cmbx12.pfb></Users/chizewen/Library/Applicati
on Support/MiKTeX/texmfs/install/fonts/type1/public/amsfonts/cm/cmr10.pfb></Use
rs/chizewen/Library/Application Support/MiKTeX/texmfs/install/fonts/type1/publi
c/amsfonts/cm/cmr12.pfb></Users/chizewen/Library/Application Support/MiKTeX/tex
mfs/install/fonts/type1/public/amsfonts/cm/cmr17.pfb></Users/chizewen/Library/A
pplication Support/MiKTeX/texmfs/install/fonts/type1/public/amsfonts/cm/cmtt9.p
fb>
Output written on temp.pdf (6 pages, 90952 bytes).
PDF statistics:
 45 PDF objects out of 1000 (max. 8388607)
 0 named destinations out of 1000 (max. 500000)
 1 words of extra memory for PDF output out of 10000 (max. 10000000)

